<?xml version="1.0" encoding="UTF-8"?>
<!-- Generated by org.testng.reporters.JUnitReportReporter -->
<testsuite hostname="AnuChandu" failures="0" tests="3" name="testNG.DataProviderEx3" time="105.148" errors="0" timestamp="2024-06-22T19:28:59 IST" skipped="0">
  <testcase classname="testNG.DataProviderEx3" name="data" time="33.690"/>
  <system-out/>
  <testcase classname="testNG.DataProviderEx3" name="data" time="35.265"/>
  <system-out/>
  <testcase classname="testNG.DataProviderEx3" name="data" time="36.193"/>
  <system-out/>
</testsuite> <!-- testNG.DataProviderEx3 -->
