<?xml version="1.0" encoding="UTF-8"?>
<!-- Generated by org.testng.reporters.JUnitReportReporter -->
<testsuite hostname="AnuChandu" failures="0" tests="3" name="testNG.DataProviderEx2" time="0.025" errors="0" timestamp="2024-06-22T13:51:04 IST" skipped="0">
  <testcase classname="testNG.DataProviderEx2" name="bookTicketTest" time="0.020"/>
  <system-out/>
  <testcase classname="testNG.DataProviderEx2" name="bookTicketTest" time="0.004"/>
  <system-out/>
  <testcase classname="testNG.DataProviderEx2" name="bookTicketTest" time="0.001"/>
  <system-out/>
</testsuite> <!-- testNG.DataProviderEx2 -->
