<?xml version="1.0" encoding="UTF-8"?>
<!-- Generated by org.testng.reporters.JUnitReportReporter -->
<testsuite hostname="AnuChandu" failures="0" tests="1" name="campaigns.CreateCampaignTest" time="78.905" errors="0" timestamp="2024-07-12T12:31:45 IST" skipped="0">
  <testcase classname="campaigns.CreateCampaignTest" name="CreateCampaignTest" time="78.905"/>
  <system-out/>
</testsuite> <!-- campaigns.CreateCampaignTest -->
