<?xml version="1.0" encoding="UTF-8"?>
<!-- Generated by org.testng.reporters.JUnitReportReporter -->
<testsuite hostname="AnuChandu" failures="0" tests="3" name="testNG.BookTicketTest" time="0.021" errors="0" timestamp="2024-06-22T11:22:56 IST" skipped="0">
  <testcase classname="testNG.BookTicketTest" name="BookTicketTest" time="0.003"/>
  <system-out/>
  <testcase classname="testNG.BookTicketTest" name="BookTicketTest" time="0.016"/>
  <system-out/>
  <testcase classname="testNG.BookTicketTest" name="BookTicketTest" time="0.002"/>
  <system-out/>
</testsuite> <!-- testNG.BookTicketTest -->
