<?xml version="1.0" encoding="UTF-8"?>
<!-- Generated by org.testng.reporters.JUnitReportReporter -->
<testsuite hostname="AnuChandu" failures="0" tests="3" name="testNG.DataProviderEx1Test" time="0.017" errors="0" timestamp="2024-06-22T13:52:22 IST" skipped="0">
  <testcase classname="testNG.DataProviderEx1Test" name="bookTicketTestTest" time="0.001"/>
  <system-out/>
  <testcase classname="testNG.DataProviderEx1Test" name="bookTicketTestTest" time="0.015"/>
  <system-out/>
  <testcase classname="testNG.DataProviderEx1Test" name="bookTicketTestTest" time="0.001"/>
  <system-out/>
</testsuite> <!-- testNG.DataProviderEx1Test -->
