<?xml version="1.0" encoding="UTF-8"?>
<!-- Generated by org.testng.reporters.JUnitReportReporter -->
<testsuite hostname="AnuChandu" failures="0" tests="1" name="campaigns.CreateCapmpaignsWithProductTest" time="43.506" errors="0" timestamp="2024-07-07T22:27:35 IST" skipped="0">
  <testcase classname="campaigns.CreateCapmpaignsWithProductTest" name="CreateCapmpaignsWithProductTest" time="43.506"/>
  <system-out/>
</testsuite> <!-- campaigns.CreateCapmpaignsWithProductTest -->
