<?xml version="1.0" encoding="UTF-8"?>
<!-- Generated by org.testng.reporters.JUnitReportReporter -->
<testsuite hostname="AnuChandu" failures="0" tests="3" name="testNG.DataProviderEx4" time="84.499" errors="0" timestamp="2024-06-22T21:59:51 IST" skipped="0">
  <testcase classname="testNG.DataProviderEx4" name="data" time="27.388"/>
  <system-out/>
  <testcase classname="testNG.DataProviderEx4" name="data" time="28.883"/>
  <system-out/>
  <testcase classname="testNG.DataProviderEx4" name="data" time="28.228"/>
  <system-out/>
</testsuite> <!-- testNG.DataProviderEx4 -->
