<?xml version="1.0" encoding="UTF-8"?>
<!-- Generated by org.testng.reporters.JUnitReportReporter -->
<testsuite hostname="AnuChandu" failures="0" tests="2" name="CreateOrganizationTest01" time="50.364" errors="0" timestamp="2024-06-25T12:52:53 IST" skipped="0">
  <testcase classname="CreateOrganizationTest01" name="CreateOrganizationTest" time="22.322"/>
  <system-out/>
  <testcase classname="CreateOrganizationTest01" name="CreateProductTest" time="28.042"/>
  <system-out/>
</testsuite> <!-- CreateOrganizationTest01 -->
