<?xml version="1.0" encoding="UTF-8"?>
<!-- Generated by org.testng.reporters.JUnitReportReporter -->
<testsuite hostname="AnuChandu" failures="0" tests="1" name="product.CreateProductTest" time="23.103" errors="0" timestamp="2024-07-02T14:00:55 IST" skipped="0">
  <testcase classname="product.CreateProductTest" name="CreateProductTest" time="23.103"/>
  <system-out/>
</testsuite> <!-- product.CreateProductTest -->
