<?xml version="1.0" encoding="UTF-8"?>
<!-- Generated by org.testng.reporters.JUnitReportReporter -->
<testsuite hostname="AnuChandu" failures="0" tests="5" name="testNG.SampleTest" time="0.015" errors="0" timestamp="2024-06-19T10:22:56 IST" skipped="0">
  <testcase classname="testNG.SampleTest" name="createProduct" time="0.002"/>
  <system-out/>
  <testcase classname="testNG.SampleTest" name="deleteProduct" time="0.001"/>
  <system-out/>
  <testcase classname="testNG.SampleTest" name="createProduct" time="0.009"/>
  <system-out/>
  <testcase classname="testNG.SampleTest" name="createProduct" time="0.001"/>
  <system-out/>
  <testcase classname="testNG.SampleTest" name="modifyProduct" time="0.002"/>
  <system-out/>
</testsuite> <!-- testNG.SampleTest -->
