<?xml version="1.0" encoding="UTF-8"?>
<!-- Generated by org.testng.reporters.JUnitReportReporter -->
<testsuite hostname="AnuChandu" failures="0" tests="1" name="Organization.CreateOrganizationTest" time="33.052" errors="0" timestamp="2024-07-08T15:58:44 IST" skipped="0">
  <testcase classname="Organization.CreateOrganizationTest" name="CreateOrganizationTest" time="33.052"/>
  <system-out/>
</testsuite> <!-- Organization.CreateOrganizationTest -->
