<?xml version="1.0" encoding="UTF-8"?>
<!-- Generated by org.testng.reporters.JUnitReportReporter -->
<testsuite hostname="AnuChandu" failures="0" tests="1" name="product.CreateProductandDeletePrdTest" time="24.793" errors="0" timestamp="2024-07-02T14:00:17 IST" skipped="0">
  <testcase classname="product.CreateProductandDeletePrdTest" name="createProductandDeletePrdTest" time="24.793"/>
  <system-out/>
</testsuite> <!-- product.CreateProductandDeletePrdTest -->
