<?xml version="1.0" encoding="UTF-8"?>
<!-- Generated by org.testng.reporters.JUnitReportReporter -->
<testsuite hostname="AnuChandu" failures="0" tests="1" name="DDT.FetchDataFromDataBaseTest" time="10.705" errors="0" timestamp="2024-06-21T23:26:02 IST" skipped="0">
  <testcase classname="DDT.FetchDataFromDataBaseTest" name="FetchDataFromDataBaseTest" time="10.705"/>
  <system-out/>
</testsuite> <!-- DDT.FetchDataFromDataBaseTest -->
